This file contains any messages produced by compilers while
running configure, to aid debugging if configure makes a mistake.

It was created by xg/xgmain.cpp configure 2.70, which was
generated by GNU Autoconf 2.69.  Invocation command line was

  $ ./configure 

## --------- ##
## Platform. ##
## --------- ##

hostname = probe.uio.no
uname -m = x86_64
uname -r = 3.10.0-1160.11.1.el7.x86_64
uname -s = Linux
uname -v = #1 SMP Mon Nov 30 13:05:31 EST 2020

/usr/bin/uname -p = x86_64
/bin/uname -X     = unknown

/bin/arch              = x86_64
/usr/bin/arch -k       = unknown
/usr/convex/getsysinfo = unknown
/usr/bin/hostinfo      = unknown
/bin/machine           = unknown
/usr/bin/oslevel       = unknown
/bin/universe          = unknown

PATH: /usr/lib64/qt-3.3/bin
PATH: /opt/app-sync/texlive/local-texmf/bin/x86_64-linux
PATH: /opt/app-sync/texlive/uio-texmf/bin/x86_64-linux
PATH: /opt/app-sync/matlab/bin
PATH: /usr/local/bin
PATH: /usr/bin
PATH: /usr/local/sbin
PATH: /usr/sbin
PATH: /usr/lib64/openmpi/bin


## ----------- ##
## Core tests. ##
## ----------- ##

configure:2471: checking for a BSD-compatible install
configure:2539: result: /usr/bin/install -c
configure:2550: checking whether build environment is sane
configure:2605: result: yes
configure:2643: WARNING: 'missing' script is too old or missing
configure:2756: checking for a thread-safe mkdir -p
configure:2795: result: /usr/bin/mkdir -p
configure:2802: checking for gawk
configure:2818: found /usr/bin/gawk
configure:2829: result: gawk
configure:2840: checking whether make sets $(MAKE)
configure:2862: result: yes
configure:2891: checking whether make supports nested variables
configure:2908: result: yes
configure:3005: checking whether to enable maintainer-specific portions of Makefiles
configure:3014: result: no
configure:3066: checking build system type
configure:3080: result: x86_64-unknown-linux-gnu
configure:3100: checking host system type
configure:3113: result: x86_64-unknown-linux-gnu
configure:3208: checking for hdf5.h
configure:3238: result: /usr/include/hdf5.h
configure:3290: checking for libhdf5.a
configure:3316: result: no
configure:3330: checking for libhdf5
configure:3356: result: no
configure:3371: checking for libhdf5.dylib
configure:3397: result: no
configure:3410: WARNING: libhdf5.a(so,dylib) not found.  Use --with-hdf5-libdir=
configure:3688: WARNING: hdf5 not properly installed -- Turning off hdf5.
configure:3756: checking for style of include used by make
configure:3784: result: GNU
configure:3855: checking for gcc
configure:3882: result: gcc
configure:4111: checking for C compiler version
configure:4120: gcc --version >&5
gcc (GCC) 4.8.5 20150623 (Red Hat 4.8.5-44)
Copyright (C) 2015 Free Software Foundation, Inc.
This is free software; see the source for copying conditions.  There is NO
warranty; not even for MERCHANTABILITY or FITNESS FOR A PARTICULAR PURPOSE.

configure:4131: $? = 0
configure:4120: gcc -v >&5
Using built-in specs.
COLLECT_GCC=gcc
COLLECT_LTO_WRAPPER=/usr/libexec/gcc/x86_64-redhat-linux/4.8.5/lto-wrapper
Target: x86_64-redhat-linux
Configured with: ../configure --prefix=/usr --mandir=/usr/share/man --infodir=/usr/share/info --with-bugurl=http://bugzilla.redhat.com/bugzilla --enable-bootstrap --enable-shared --enable-threads=posix --enable-checking=release --with-system-zlib --enable-__cxa_atexit --disable-libunwind-exceptions --enable-gnu-unique-object --enable-linker-build-id --with-linker-hash-style=gnu --enable-languages=c,c++,objc,obj-c++,java,fortran,ada,go,lto --enable-plugin --enable-initfini-array --disable-libgcj --with-isl=/builddir/build/BUILD/gcc-4.8.5-20150702/obj-x86_64-redhat-linux/isl-install --with-cloog=/builddir/build/BUILD/gcc-4.8.5-20150702/obj-x86_64-redhat-linux/cloog-install --enable-gnu-indirect-function --with-tune=generic --with-arch_32=x86-64 --build=x86_64-redhat-linux
Thread model: posix
gcc version 4.8.5 20150623 (Red Hat 4.8.5-44) (GCC) 
configure:4131: $? = 0
configure:4120: gcc -V >&5
gcc: error: unrecognized command line option '-V'
gcc: fatal error: no input files
compilation terminated.
configure:4131: $? = 4
configure:4120: gcc -qversion >&5
gcc: error: unrecognized command line option '-qversion'
gcc: fatal error: no input files
compilation terminated.
configure:4131: $? = 4
configure:4151: checking whether the C compiler works
configure:4173: gcc    conftest.c  >&5
configure:4177: $? = 0
configure:4225: result: yes
configure:4228: checking for C compiler default output file name
configure:4230: result: a.out
configure:4236: checking for suffix of executables
configure:4243: gcc -o conftest    conftest.c  >&5
configure:4247: $? = 0
configure:4269: result: 
configure:4291: checking whether we are cross compiling
configure:4299: gcc -o conftest    conftest.c  >&5
configure:4303: $? = 0
configure:4310: ./conftest
configure:4314: $? = 0
configure:4329: result: no
configure:4334: checking for suffix of object files
configure:4356: gcc -c   conftest.c >&5
configure:4360: $? = 0
configure:4381: result: o
configure:4385: checking whether we are using the GNU C compiler
configure:4404: gcc -c   conftest.c >&5
configure:4404: $? = 0
configure:4413: result: yes
configure:4422: checking whether gcc accepts -g
configure:4442: gcc -c -g  conftest.c >&5
configure:4442: $? = 0
configure:4483: result: yes
configure:4500: checking for gcc option to accept ISO C89
configure:4563: gcc  -c -g -O2  conftest.c >&5
configure:4563: $? = 0
configure:4576: result: none needed
configure:4598: checking dependency style of gcc
configure:4709: result: gcc3
configure:4725: checking for library containing strerror
configure:4756: gcc -o conftest -g -O2   conftest.c  >&5
configure:4756: $? = 0
configure:4773: result: none required
configure:4781: checking whether time.h and sys/time.h may both be included
configure:4801: gcc -c -g -O2  conftest.c >&5
configure:4801: $? = 0
configure:4808: result: yes
configure:4879: checking for g++
configure:4897: found /usr/bin/g++
configure:4909: result: /usr/bin/g++
configure:5046: checking g++ version
configure:5067: result: 4.8.5
configure:5224: checking for -fsquangle
configure:5250: result: no
configure:5637: checking how to build libraries
configure:5642: result: with ar cr  
configure:5663: checking for gcc
configure:5681: found /usr/bin/gcc
configure:5693: result: /usr/bin/gcc
configure:6492: checking for gcc
configure:6519: result: gcc
configure:6748: checking for C compiler version
configure:6757: gcc --version >&5
gcc (GCC) 4.8.5 20150623 (Red Hat 4.8.5-44)
Copyright (C) 2015 Free Software Foundation, Inc.
This is free software; see the source for copying conditions.  There is NO
warranty; not even for MERCHANTABILITY or FITNESS FOR A PARTICULAR PURPOSE.

configure:6768: $? = 0
configure:6757: gcc -v >&5
Using built-in specs.
COLLECT_GCC=gcc
COLLECT_LTO_WRAPPER=/usr/libexec/gcc/x86_64-redhat-linux/4.8.5/lto-wrapper
Target: x86_64-redhat-linux
Configured with: ../configure --prefix=/usr --mandir=/usr/share/man --infodir=/usr/share/info --with-bugurl=http://bugzilla.redhat.com/bugzilla --enable-bootstrap --enable-shared --enable-threads=posix --enable-checking=release --with-system-zlib --enable-__cxa_atexit --disable-libunwind-exceptions --enable-gnu-unique-object --enable-linker-build-id --with-linker-hash-style=gnu --enable-languages=c,c++,objc,obj-c++,java,fortran,ada,go,lto --enable-plugin --enable-initfini-array --disable-libgcj --with-isl=/builddir/build/BUILD/gcc-4.8.5-20150702/obj-x86_64-redhat-linux/isl-install --with-cloog=/builddir/build/BUILD/gcc-4.8.5-20150702/obj-x86_64-redhat-linux/cloog-install --enable-gnu-indirect-function --with-tune=generic --with-arch_32=x86-64 --build=x86_64-redhat-linux
Thread model: posix
gcc version 4.8.5 20150623 (Red Hat 4.8.5-44) (GCC) 
configure:6768: $? = 0
configure:6757: gcc -V >&5
gcc: error: unrecognized command line option '-V'
gcc: fatal error: no input files
compilation terminated.
configure:6768: $? = 4
configure:6757: gcc -qversion >&5
gcc: error: unrecognized command line option '-qversion'
gcc: fatal error: no input files
compilation terminated.
configure:6768: $? = 4
configure:6772: checking whether we are using the GNU C compiler
configure:6800: result: yes
configure:6809: checking whether gcc accepts -g
configure:6870: result: yes
configure:6887: checking for gcc option to accept ISO C89
configure:6963: result: none needed
configure:6985: checking dependency style of gcc
configure:7096: result: gcc3
configure:7223: checking for C++ compiler version
configure:7232: g++ --version >&5
g++ (GCC) 4.8.5 20150623 (Red Hat 4.8.5-44)
Copyright (C) 2015 Free Software Foundation, Inc.
This is free software; see the source for copying conditions.  There is NO
warranty; not even for MERCHANTABILITY or FITNESS FOR A PARTICULAR PURPOSE.

configure:7243: $? = 0
configure:7232: g++ -v >&5
Using built-in specs.
COLLECT_GCC=g++
COLLECT_LTO_WRAPPER=/usr/libexec/gcc/x86_64-redhat-linux/4.8.5/lto-wrapper
Target: x86_64-redhat-linux
Configured with: ../configure --prefix=/usr --mandir=/usr/share/man --infodir=/usr/share/info --with-bugurl=http://bugzilla.redhat.com/bugzilla --enable-bootstrap --enable-shared --enable-threads=posix --enable-checking=release --with-system-zlib --enable-__cxa_atexit --disable-libunwind-exceptions --enable-gnu-unique-object --enable-linker-build-id --with-linker-hash-style=gnu --enable-languages=c,c++,objc,obj-c++,java,fortran,ada,go,lto --enable-plugin --enable-initfini-array --disable-libgcj --with-isl=/builddir/build/BUILD/gcc-4.8.5-20150702/obj-x86_64-redhat-linux/isl-install --with-cloog=/builddir/build/BUILD/gcc-4.8.5-20150702/obj-x86_64-redhat-linux/cloog-install --enable-gnu-indirect-function --with-tune=generic --with-arch_32=x86-64 --build=x86_64-redhat-linux
Thread model: posix
gcc version 4.8.5 20150623 (Red Hat 4.8.5-44) (GCC) 
configure:7243: $? = 0
configure:7232: g++ -V >&5
g++: error: unrecognized command line option '-V'
g++: fatal error: no input files
compilation terminated.
configure:7243: $? = 4
configure:7232: g++ -qversion >&5
g++: error: unrecognized command line option '-qversion'
g++: fatal error: no input files
compilation terminated.
configure:7243: $? = 4
configure:7247: checking whether we are using the GNU C++ compiler
configure:7266: g++ -c -Wall -Wno-unused  -g -O2 -pipe -g -O2 -pipe    conftest.cpp >&5
configure:7266: $? = 0
configure:7275: result: yes
configure:7284: checking whether g++ accepts -g
configure:7304: g++ -c -g  conftest.cpp >&5
configure:7304: $? = 0
configure:7345: result: yes
configure:7370: checking dependency style of g++
configure:7481: result: gcc3
configure:7501: checking how to run the C preprocessor
configure:7532: gcc -E  conftest.c
configure:7532: $? = 0
configure:7546: gcc -E  conftest.c
conftest.c:19:28: fatal error: ac_nonexistent.h: No such file or directory
 #include <ac_nonexistent.h>
                            ^
compilation terminated.
configure:7546: $? = 1
configure: failed program was:
| /* confdefs.h */
| #define PACKAGE_NAME "xg/xgmain.cpp"
| #define PACKAGE_TARNAME "xg-xgmain-cpp"
| #define PACKAGE_VERSION "2.70"
| #define PACKAGE_STRING "xg/xgmain.cpp 2.70"
| #define PACKAGE_BUGREPORT ""
| #define PACKAGE_URL ""
| #define PACKAGE "xg-xgmain-cpp"
| #define VERSION "2.70"
| #define HOSTTYPE "x86_64-unknown-linux-gnu"
| #define TIME_WITH_SYS_TIME 1
| #define CXX "g++"
| #define CXX_VERSION "4.8.5"
| #define CXX_OPTIFLAGS "-g -O2 -pipe"
| #define CXX_SHAREDLIBFLAGS "-shared"
| #define TOP_BUILDDIR "/scratch2/CODES/xoopic"
| #define TOP_SRCDIR "/scratch2/CODES/xoopic"
| /* end confdefs.h.  */
| #include <ac_nonexistent.h>
configure:7571: result: gcc -E
configure:7591: gcc -E  conftest.c
configure:7591: $? = 0
configure:7605: gcc -E  conftest.c
conftest.c:19:28: fatal error: ac_nonexistent.h: No such file or directory
 #include <ac_nonexistent.h>
                            ^
compilation terminated.
configure:7605: $? = 1
configure: failed program was:
| /* confdefs.h */
| #define PACKAGE_NAME "xg/xgmain.cpp"
| #define PACKAGE_TARNAME "xg-xgmain-cpp"
| #define PACKAGE_VERSION "2.70"
| #define PACKAGE_STRING "xg/xgmain.cpp 2.70"
| #define PACKAGE_BUGREPORT ""
| #define PACKAGE_URL ""
| #define PACKAGE "xg-xgmain-cpp"
| #define VERSION "2.70"
| #define HOSTTYPE "x86_64-unknown-linux-gnu"
| #define TIME_WITH_SYS_TIME 1
| #define CXX "g++"
| #define CXX_VERSION "4.8.5"
| #define CXX_OPTIFLAGS "-g -O2 -pipe"
| #define CXX_SHAREDLIBFLAGS "-shared"
| #define TOP_BUILDDIR "/scratch2/CODES/xoopic"
| #define TOP_SRCDIR "/scratch2/CODES/xoopic"
| /* end confdefs.h.  */
| #include <ac_nonexistent.h>
configure:7638: checking how to run the C++ preprocessor
configure:7665: g++ -E  conftest.cpp
configure:7665: $? = 0
configure:7679: g++ -E  conftest.cpp
conftest.cpp:19:28: fatal error: ac_nonexistent.h: No such file or directory
 #include <ac_nonexistent.h>
                            ^
compilation terminated.
configure:7679: $? = 1
configure: failed program was:
| /* confdefs.h */
| #define PACKAGE_NAME "xg/xgmain.cpp"
| #define PACKAGE_TARNAME "xg-xgmain-cpp"
| #define PACKAGE_VERSION "2.70"
| #define PACKAGE_STRING "xg/xgmain.cpp 2.70"
| #define PACKAGE_BUGREPORT ""
| #define PACKAGE_URL ""
| #define PACKAGE "xg-xgmain-cpp"
| #define VERSION "2.70"
| #define HOSTTYPE "x86_64-unknown-linux-gnu"
| #define TIME_WITH_SYS_TIME 1
| #define CXX "g++"
| #define CXX_VERSION "4.8.5"
| #define CXX_OPTIFLAGS "-g -O2 -pipe"
| #define CXX_SHAREDLIBFLAGS "-shared"
| #define TOP_BUILDDIR "/scratch2/CODES/xoopic"
| #define TOP_SRCDIR "/scratch2/CODES/xoopic"
| /* end confdefs.h.  */
| #include <ac_nonexistent.h>
configure:7704: result: g++ -E
configure:7724: g++ -E  conftest.cpp
configure:7724: $? = 0
configure:7738: g++ -E  conftest.cpp
conftest.cpp:19:28: fatal error: ac_nonexistent.h: No such file or directory
 #include <ac_nonexistent.h>
                            ^
compilation terminated.
configure:7738: $? = 1
configure: failed program was:
| /* confdefs.h */
| #define PACKAGE_NAME "xg/xgmain.cpp"
| #define PACKAGE_TARNAME "xg-xgmain-cpp"
| #define PACKAGE_VERSION "2.70"
| #define PACKAGE_STRING "xg/xgmain.cpp 2.70"
| #define PACKAGE_BUGREPORT ""
| #define PACKAGE_URL ""
| #define PACKAGE "xg-xgmain-cpp"
| #define VERSION "2.70"
| #define HOSTTYPE "x86_64-unknown-linux-gnu"
| #define TIME_WITH_SYS_TIME 1
| #define CXX "g++"
| #define CXX_VERSION "4.8.5"
| #define CXX_OPTIFLAGS "-g -O2 -pipe"
| #define CXX_SHAREDLIBFLAGS "-shared"
| #define TOP_BUILDDIR "/scratch2/CODES/xoopic"
| #define TOP_SRCDIR "/scratch2/CODES/xoopic"
| /* end confdefs.h.  */
| #include <ac_nonexistent.h>
configure:7777: checking for grep that handles long lines and -e
configure:7835: result: /usr/bin/grep
configure:7840: checking for egrep
configure:7902: result: /usr/bin/grep -E
configure:7907: checking for ANSI C header files
configure:7927: g++ -c -Wall -Wno-unused  -g -O2 -pipe -g -O2 -pipe    conftest.cpp >&5
configure:7927: $? = 0
configure:8000: g++ -o conftest -Wall -Wno-unused  -g -O2 -pipe -g -O2 -pipe      conftest.cpp  >&5
configure:8000: $? = 0
configure:8000: ./conftest
configure:8000: $? = 0
configure:8011: result: yes
configure:8024: checking for sys/types.h
configure:8024: g++ -c -Wall -Wno-unused  -g -O2 -pipe -g -O2 -pipe    conftest.cpp >&5
configure:8024: $? = 0
configure:8024: result: yes
configure:8024: checking for sys/stat.h
configure:8024: g++ -c -Wall -Wno-unused  -g -O2 -pipe -g -O2 -pipe    conftest.cpp >&5
configure:8024: $? = 0
configure:8024: result: yes
configure:8024: checking for stdlib.h
configure:8024: g++ -c -Wall -Wno-unused  -g -O2 -pipe -g -O2 -pipe    conftest.cpp >&5
configure:8024: $? = 0
configure:8024: result: yes
configure:8024: checking for string.h
configure:8024: g++ -c -Wall -Wno-unused  -g -O2 -pipe -g -O2 -pipe    conftest.cpp >&5
configure:8024: $? = 0
configure:8024: result: yes
configure:8024: checking for memory.h
configure:8024: g++ -c -Wall -Wno-unused  -g -O2 -pipe -g -O2 -pipe    conftest.cpp >&5
configure:8024: $? = 0
configure:8024: result: yes
configure:8024: checking for strings.h
configure:8024: g++ -c -Wall -Wno-unused  -g -O2 -pipe -g -O2 -pipe    conftest.cpp >&5
configure:8024: $? = 0
configure:8024: result: yes
configure:8024: checking for inttypes.h
configure:8024: g++ -c -Wall -Wno-unused  -g -O2 -pipe -g -O2 -pipe    conftest.cpp >&5
configure:8024: $? = 0
configure:8024: result: yes
configure:8024: checking for stdint.h
configure:8024: g++ -c -Wall -Wno-unused  -g -O2 -pipe -g -O2 -pipe    conftest.cpp >&5
configure:8024: $? = 0
configure:8024: result: yes
configure:8024: checking for unistd.h
configure:8024: g++ -c -Wall -Wno-unused  -g -O2 -pipe -g -O2 -pipe    conftest.cpp >&5
configure:8024: $? = 0
configure:8024: result: yes
configure:8039: checking X usability
configure:8039: g++ -c -Wall -Wno-unused  -g -O2 -pipe -g -O2 -pipe    conftest.cpp >&5
conftest.cpp:62:13: fatal error: X: No such file or directory
 #include <X>
             ^
compilation terminated.
configure:8039: $? = 1
configure: failed program was:
| /* confdefs.h */
| #define PACKAGE_NAME "xg/xgmain.cpp"
| #define PACKAGE_TARNAME "xg-xgmain-cpp"
| #define PACKAGE_VERSION "2.70"
| #define PACKAGE_STRING "xg/xgmain.cpp 2.70"
| #define PACKAGE_BUGREPORT ""
| #define PACKAGE_URL ""
| #define PACKAGE "xg-xgmain-cpp"
| #define VERSION "2.70"
| #define HOSTTYPE "x86_64-unknown-linux-gnu"
| #define TIME_WITH_SYS_TIME 1
| #define CXX "g++"
| #define CXX_VERSION "4.8.5"
| #define CXX_OPTIFLAGS "-g -O2 -pipe"
| #define CXX_SHAREDLIBFLAGS "-shared"
| #define TOP_BUILDDIR "/scratch2/CODES/xoopic"
| #define TOP_SRCDIR "/scratch2/CODES/xoopic"
| #define STDC_HEADERS 1
| #define HAVE_SYS_TYPES_H 1
| #define HAVE_SYS_STAT_H 1
| #define HAVE_STDLIB_H 1
| #define HAVE_STRING_H 1
| #define HAVE_MEMORY_H 1
| #define HAVE_STRINGS_H 1
| #define HAVE_INTTYPES_H 1
| #define HAVE_STDINT_H 1
| #define HAVE_UNISTD_H 1
| /* end confdefs.h.  */
| #include <stdio.h>
| #ifdef HAVE_SYS_TYPES_H
| # include <sys/types.h>
| #endif
| #ifdef HAVE_SYS_STAT_H
| # include <sys/stat.h>
| #endif
| #ifdef STDC_HEADERS
| # include <stdlib.h>
| # include <stddef.h>
| #else
| # ifdef HAVE_STDLIB_H
| #  include <stdlib.h>
| # endif
| #endif
| #ifdef HAVE_STRING_H
| # if !defined STDC_HEADERS && defined HAVE_MEMORY_H
| #  include <memory.h>
| # endif
| # include <string.h>
| #endif
| #ifdef HAVE_STRINGS_H
| # include <strings.h>
| #endif
| #ifdef HAVE_INTTYPES_H
| # include <inttypes.h>
| #endif
| #ifdef HAVE_STDINT_H
| # include <stdint.h>
| #endif
| #ifdef HAVE_UNISTD_H
| # include <unistd.h>
| #endif
| #include <X>
configure:8039: result: no
configure:8039: checking X presence
configure:8039: g++ -E  conftest.cpp
conftest.cpp:29:13: fatal error: X: No such file or directory
 #include <X>
             ^
compilation terminated.
configure:8039: $? = 1
configure: failed program was:
| /* confdefs.h */
| #define PACKAGE_NAME "xg/xgmain.cpp"
| #define PACKAGE_TARNAME "xg-xgmain-cpp"
| #define PACKAGE_VERSION "2.70"
| #define PACKAGE_STRING "xg/xgmain.cpp 2.70"
| #define PACKAGE_BUGREPORT ""
| #define PACKAGE_URL ""
| #define PACKAGE "xg-xgmain-cpp"
| #define VERSION "2.70"
| #define HOSTTYPE "x86_64-unknown-linux-gnu"
| #define TIME_WITH_SYS_TIME 1
| #define CXX "g++"
| #define CXX_VERSION "4.8.5"
| #define CXX_OPTIFLAGS "-g -O2 -pipe"
| #define CXX_SHAREDLIBFLAGS "-shared"
| #define TOP_BUILDDIR "/scratch2/CODES/xoopic"
| #define TOP_SRCDIR "/scratch2/CODES/xoopic"
| #define STDC_HEADERS 1
| #define HAVE_SYS_TYPES_H 1
| #define HAVE_SYS_STAT_H 1
| #define HAVE_STDLIB_H 1
| #define HAVE_STRING_H 1
| #define HAVE_MEMORY_H 1
| #define HAVE_STRINGS_H 1
| #define HAVE_INTTYPES_H 1
| #define HAVE_STDINT_H 1
| #define HAVE_UNISTD_H 1
| /* end confdefs.h.  */
| #include <X>
configure:8039: result: no
configure:8039: checking for X
configure:8039: result: no
configure:8039: checking $CXX usability
configure:8039: g++ -c -Wall -Wno-unused  -g -O2 -pipe -g -O2 -pipe    conftest.cpp >&5
conftest.cpp:62:16: fatal error: $CXX: No such file or directory
 #include <$CXX>
                ^
compilation terminated.
configure:8039: $? = 1
configure: failed program was:
| /* confdefs.h */
| #define PACKAGE_NAME "xg/xgmain.cpp"
| #define PACKAGE_TARNAME "xg-xgmain-cpp"
| #define PACKAGE_VERSION "2.70"
| #define PACKAGE_STRING "xg/xgmain.cpp 2.70"
| #define PACKAGE_BUGREPORT ""
| #define PACKAGE_URL ""
| #define PACKAGE "xg-xgmain-cpp"
| #define VERSION "2.70"
| #define HOSTTYPE "x86_64-unknown-linux-gnu"
| #define TIME_WITH_SYS_TIME 1
| #define CXX "g++"
| #define CXX_VERSION "4.8.5"
| #define CXX_OPTIFLAGS "-g -O2 -pipe"
| #define CXX_SHAREDLIBFLAGS "-shared"
| #define TOP_BUILDDIR "/scratch2/CODES/xoopic"
| #define TOP_SRCDIR "/scratch2/CODES/xoopic"
| #define STDC_HEADERS 1
| #define HAVE_SYS_TYPES_H 1
| #define HAVE_SYS_STAT_H 1
| #define HAVE_STDLIB_H 1
| #define HAVE_STRING_H 1
| #define HAVE_MEMORY_H 1
| #define HAVE_STRINGS_H 1
| #define HAVE_INTTYPES_H 1
| #define HAVE_STDINT_H 1
| #define HAVE_UNISTD_H 1
| /* end confdefs.h.  */
| #include <stdio.h>
| #ifdef HAVE_SYS_TYPES_H
| # include <sys/types.h>
| #endif
| #ifdef HAVE_SYS_STAT_H
| # include <sys/stat.h>
| #endif
| #ifdef STDC_HEADERS
| # include <stdlib.h>
| # include <stddef.h>
| #else
| # ifdef HAVE_STDLIB_H
| #  include <stdlib.h>
| # endif
| #endif
| #ifdef HAVE_STRING_H
| # if !defined STDC_HEADERS && defined HAVE_MEMORY_H
| #  include <memory.h>
| # endif
| # include <string.h>
| #endif
| #ifdef HAVE_STRINGS_H
| # include <strings.h>
| #endif
| #ifdef HAVE_INTTYPES_H
| # include <inttypes.h>
| #endif
| #ifdef HAVE_STDINT_H
| # include <stdint.h>
| #endif
| #ifdef HAVE_UNISTD_H
| # include <unistd.h>
| #endif
| #include <$CXX>
configure:8039: result: no
configure:8039: checking $CXX presence
configure:8039: g++ -E  conftest.cpp
conftest.cpp:29:16: fatal error: $CXX: No such file or directory
 #include <$CXX>
                ^
compilation terminated.
configure:8039: $? = 1
configure: failed program was:
| /* confdefs.h */
| #define PACKAGE_NAME "xg/xgmain.cpp"
| #define PACKAGE_TARNAME "xg-xgmain-cpp"
| #define PACKAGE_VERSION "2.70"
| #define PACKAGE_STRING "xg/xgmain.cpp 2.70"
| #define PACKAGE_BUGREPORT ""
| #define PACKAGE_URL ""
| #define PACKAGE "xg-xgmain-cpp"
| #define VERSION "2.70"
| #define HOSTTYPE "x86_64-unknown-linux-gnu"
| #define TIME_WITH_SYS_TIME 1
| #define CXX "g++"
| #define CXX_VERSION "4.8.5"
| #define CXX_OPTIFLAGS "-g -O2 -pipe"
| #define CXX_SHAREDLIBFLAGS "-shared"
| #define TOP_BUILDDIR "/scratch2/CODES/xoopic"
| #define TOP_SRCDIR "/scratch2/CODES/xoopic"
| #define STDC_HEADERS 1
| #define HAVE_SYS_TYPES_H 1
| #define HAVE_SYS_STAT_H 1
| #define HAVE_STDLIB_H 1
| #define HAVE_STRING_H 1
| #define HAVE_MEMORY_H 1
| #define HAVE_STRINGS_H 1
| #define HAVE_INTTYPES_H 1
| #define HAVE_STDINT_H 1
| #define HAVE_UNISTD_H 1
| /* end confdefs.h.  */
| #include <$CXX>
configure:8039: result: no
configure:8039: checking for $CXX
configure:8039: result: no
configure:8039: checking -c usability
configure:8039: g++ -c -Wall -Wno-unused  -g -O2 -pipe -g -O2 -pipe    conftest.cpp >&5
conftest.cpp:62:14: fatal error: -c: No such file or directory
 #include <-c>
              ^
compilation terminated.
configure:8039: $? = 1
configure: failed program was:
| /* confdefs.h */
| #define PACKAGE_NAME "xg/xgmain.cpp"
| #define PACKAGE_TARNAME "xg-xgmain-cpp"
| #define PACKAGE_VERSION "2.70"
| #define PACKAGE_STRING "xg/xgmain.cpp 2.70"
| #define PACKAGE_BUGREPORT ""
| #define PACKAGE_URL ""
| #define PACKAGE "xg-xgmain-cpp"
| #define VERSION "2.70"
| #define HOSTTYPE "x86_64-unknown-linux-gnu"
| #define TIME_WITH_SYS_TIME 1
| #define CXX "g++"
| #define CXX_VERSION "4.8.5"
| #define CXX_OPTIFLAGS "-g -O2 -pipe"
| #define CXX_SHAREDLIBFLAGS "-shared"
| #define TOP_BUILDDIR "/scratch2/CODES/xoopic"
| #define TOP_SRCDIR "/scratch2/CODES/xoopic"
| #define STDC_HEADERS 1
| #define HAVE_SYS_TYPES_H 1
| #define HAVE_SYS_STAT_H 1
| #define HAVE_STDLIB_H 1
| #define HAVE_STRING_H 1
| #define HAVE_MEMORY_H 1
| #define HAVE_STRINGS_H 1
| #define HAVE_INTTYPES_H 1
| #define HAVE_STDINT_H 1
| #define HAVE_UNISTD_H 1
| /* end confdefs.h.  */
| #include <stdio.h>
| #ifdef HAVE_SYS_TYPES_H
| # include <sys/types.h>
| #endif
| #ifdef HAVE_SYS_STAT_H
| # include <sys/stat.h>
| #endif
| #ifdef STDC_HEADERS
| # include <stdlib.h>
| # include <stddef.h>
| #else
| # ifdef HAVE_STDLIB_H
| #  include <stdlib.h>
| # endif
| #endif
| #ifdef HAVE_STRING_H
| # if !defined STDC_HEADERS && defined HAVE_MEMORY_H
| #  include <memory.h>
| # endif
| # include <string.h>
| #endif
| #ifdef HAVE_STRINGS_H
| # include <strings.h>
| #endif
| #ifdef HAVE_INTTYPES_H
| # include <inttypes.h>
| #endif
| #ifdef HAVE_STDINT_H
| # include <stdint.h>
| #endif
| #ifdef HAVE_UNISTD_H
| # include <unistd.h>
| #endif
| #include <-c>
configure:8039: result: no
configure:8039: checking -c presence
configure:8039: g++ -E  conftest.cpp
conftest.cpp:29:14: fatal error: -c: No such file or directory
 #include <-c>
              ^
compilation terminated.
configure:8039: $? = 1
configure: failed program was:
| /* confdefs.h */
| #define PACKAGE_NAME "xg/xgmain.cpp"
| #define PACKAGE_TARNAME "xg-xgmain-cpp"
| #define PACKAGE_VERSION "2.70"
| #define PACKAGE_STRING "xg/xgmain.cpp 2.70"
| #define PACKAGE_BUGREPORT ""
| #define PACKAGE_URL ""
| #define PACKAGE "xg-xgmain-cpp"
| #define VERSION "2.70"
| #define HOSTTYPE "x86_64-unknown-linux-gnu"
| #define TIME_WITH_SYS_TIME 1
| #define CXX "g++"
| #define CXX_VERSION "4.8.5"
| #define CXX_OPTIFLAGS "-g -O2 -pipe"
| #define CXX_SHAREDLIBFLAGS "-shared"
| #define TOP_BUILDDIR "/scratch2/CODES/xoopic"
| #define TOP_SRCDIR "/scratch2/CODES/xoopic"
| #define STDC_HEADERS 1
| #define HAVE_SYS_TYPES_H 1
| #define HAVE_SYS_STAT_H 1
| #define HAVE_STDLIB_H 1
| #define HAVE_STRING_H 1
| #define HAVE_MEMORY_H 1
| #define HAVE_STRINGS_H 1
| #define HAVE_INTTYPES_H 1
| #define HAVE_STDINT_H 1
| #define HAVE_UNISTD_H 1
| /* end confdefs.h.  */
| #include <-c>
configure:8039: result: no
configure:8039: checking for -c
configure:8039: result: no
configure:8039: checking $CXXFLAGS usability
configure:8039: g++ -c -Wall -Wno-unused  -g -O2 -pipe -g -O2 -pipe    conftest.cpp >&5
conftest.cpp:62:21: fatal error: $CXXFLAGS: No such file or directory
 #include <$CXXFLAGS>
                     ^
compilation terminated.
configure:8039: $? = 1
configure: failed program was:
| /* confdefs.h */
| #define PACKAGE_NAME "xg/xgmain.cpp"
| #define PACKAGE_TARNAME "xg-xgmain-cpp"
| #define PACKAGE_VERSION "2.70"
| #define PACKAGE_STRING "xg/xgmain.cpp 2.70"
| #define PACKAGE_BUGREPORT ""
| #define PACKAGE_URL ""
| #define PACKAGE "xg-xgmain-cpp"
| #define VERSION "2.70"
| #define HOSTTYPE "x86_64-unknown-linux-gnu"
| #define TIME_WITH_SYS_TIME 1
| #define CXX "g++"
| #define CXX_VERSION "4.8.5"
| #define CXX_OPTIFLAGS "-g -O2 -pipe"
| #define CXX_SHAREDLIBFLAGS "-shared"
| #define TOP_BUILDDIR "/scratch2/CODES/xoopic"
| #define TOP_SRCDIR "/scratch2/CODES/xoopic"
| #define STDC_HEADERS 1
| #define HAVE_SYS_TYPES_H 1
| #define HAVE_SYS_STAT_H 1
| #define HAVE_STDLIB_H 1
| #define HAVE_STRING_H 1
| #define HAVE_MEMORY_H 1
| #define HAVE_STRINGS_H 1
| #define HAVE_INTTYPES_H 1
| #define HAVE_STDINT_H 1
| #define HAVE_UNISTD_H 1
| /* end confdefs.h.  */
| #include <stdio.h>
| #ifdef HAVE_SYS_TYPES_H
| # include <sys/types.h>
| #endif
| #ifdef HAVE_SYS_STAT_H
| # include <sys/stat.h>
| #endif
| #ifdef STDC_HEADERS
| # include <stdlib.h>
| # include <stddef.h>
| #else
| # ifdef HAVE_STDLIB_H
| #  include <stdlib.h>
| # endif
| #endif
| #ifdef HAVE_STRING_H
| # if !defined STDC_HEADERS && defined HAVE_MEMORY_H
| #  include <memory.h>
| # endif
| # include <string.h>
| #endif
| #ifdef HAVE_STRINGS_H
| # include <strings.h>
| #endif
| #ifdef HAVE_INTTYPES_H
| # include <inttypes.h>
| #endif
| #ifdef HAVE_STDINT_H
| # include <stdint.h>
| #endif
| #ifdef HAVE_UNISTD_H
| # include <unistd.h>
| #endif
| #include <$CXXFLAGS>
configure:8039: result: no
configure:8039: checking $CXXFLAGS presence
configure:8039: g++ -E  conftest.cpp
conftest.cpp:29:21: fatal error: $CXXFLAGS: No such file or directory
 #include <$CXXFLAGS>
                     ^
compilation terminated.
configure:8039: $? = 1
configure: failed program was:
| /* confdefs.h */
| #define PACKAGE_NAME "xg/xgmain.cpp"
| #define PACKAGE_TARNAME "xg-xgmain-cpp"
| #define PACKAGE_VERSION "2.70"
| #define PACKAGE_STRING "xg/xgmain.cpp 2.70"
| #define PACKAGE_BUGREPORT ""
| #define PACKAGE_URL ""
| #define PACKAGE "xg-xgmain-cpp"
| #define VERSION "2.70"
| #define HOSTTYPE "x86_64-unknown-linux-gnu"
| #define TIME_WITH_SYS_TIME 1
| #define CXX "g++"
| #define CXX_VERSION "4.8.5"
| #define CXX_OPTIFLAGS "-g -O2 -pipe"
| #define CXX_SHAREDLIBFLAGS "-shared"
| #define TOP_BUILDDIR "/scratch2/CODES/xoopic"
| #define TOP_SRCDIR "/scratch2/CODES/xoopic"
| #define STDC_HEADERS 1
| #define HAVE_SYS_TYPES_H 1
| #define HAVE_SYS_STAT_H 1
| #define HAVE_STDLIB_H 1
| #define HAVE_STRING_H 1
| #define HAVE_MEMORY_H 1
| #define HAVE_STRINGS_H 1
| #define HAVE_INTTYPES_H 1
| #define HAVE_STDINT_H 1
| #define HAVE_UNISTD_H 1
| /* end confdefs.h.  */
| #include <$CXXFLAGS>
configure:8039: result: no
configure:8039: checking for $CXXFLAGS
configure:8039: result: no
configure:8039: checking $CPPFLAGS usability
configure:8039: g++ -c -Wall -Wno-unused  -g -O2 -pipe -g -O2 -pipe    conftest.cpp >&5
conftest.cpp:62:21: fatal error: $CPPFLAGS: No such file or directory
 #include <$CPPFLAGS>
                     ^
compilation terminated.
configure:8039: $? = 1
configure: failed program was:
| /* confdefs.h */
| #define PACKAGE_NAME "xg/xgmain.cpp"
| #define PACKAGE_TARNAME "xg-xgmain-cpp"
| #define PACKAGE_VERSION "2.70"
| #define PACKAGE_STRING "xg/xgmain.cpp 2.70"
| #define PACKAGE_BUGREPORT ""
| #define PACKAGE_URL ""
| #define PACKAGE "xg-xgmain-cpp"
| #define VERSION "2.70"
| #define HOSTTYPE "x86_64-unknown-linux-gnu"
| #define TIME_WITH_SYS_TIME 1
| #define CXX "g++"
| #define CXX_VERSION "4.8.5"
| #define CXX_OPTIFLAGS "-g -O2 -pipe"
| #define CXX_SHAREDLIBFLAGS "-shared"
| #define TOP_BUILDDIR "/scratch2/CODES/xoopic"
| #define TOP_SRCDIR "/scratch2/CODES/xoopic"
| #define STDC_HEADERS 1
| #define HAVE_SYS_TYPES_H 1
| #define HAVE_SYS_STAT_H 1
| #define HAVE_STDLIB_H 1
| #define HAVE_STRING_H 1
| #define HAVE_MEMORY_H 1
| #define HAVE_STRINGS_H 1
| #define HAVE_INTTYPES_H 1
| #define HAVE_STDINT_H 1
| #define HAVE_UNISTD_H 1
| /* end confdefs.h.  */
| #include <stdio.h>
| #ifdef HAVE_SYS_TYPES_H
| # include <sys/types.h>
| #endif
| #ifdef HAVE_SYS_STAT_H
| # include <sys/stat.h>
| #endif
| #ifdef STDC_HEADERS
| # include <stdlib.h>
| # include <stddef.h>
| #else
| # ifdef HAVE_STDLIB_H
| #  include <stdlib.h>
| # endif
| #endif
| #ifdef HAVE_STRING_H
| # if !defined STDC_HEADERS && defined HAVE_MEMORY_H
| #  include <memory.h>
| # endif
| # include <string.h>
| #endif
| #ifdef HAVE_STRINGS_H
| # include <strings.h>
| #endif
| #ifdef HAVE_INTTYPES_H
| # include <inttypes.h>
| #endif
| #ifdef HAVE_STDINT_H
| # include <stdint.h>
| #endif
| #ifdef HAVE_UNISTD_H
| # include <unistd.h>
| #endif
| #include <$CPPFLAGS>
configure:8039: result: no
configure:8039: checking $CPPFLAGS presence
configure:8039: g++ -E  conftest.cpp
conftest.cpp:29:21: fatal error: $CPPFLAGS: No such file or directory
 #include <$CPPFLAGS>
                     ^
compilation terminated.
configure:8039: $? = 1
configure: failed program was:
| /* confdefs.h */
| #define PACKAGE_NAME "xg/xgmain.cpp"
| #define PACKAGE_TARNAME "xg-xgmain-cpp"
| #define PACKAGE_VERSION "2.70"
| #define PACKAGE_STRING "xg/xgmain.cpp 2.70"
| #define PACKAGE_BUGREPORT ""
| #define PACKAGE_URL ""
| #define PACKAGE "xg-xgmain-cpp"
| #define VERSION "2.70"
| #define HOSTTYPE "x86_64-unknown-linux-gnu"
| #define TIME_WITH_SYS_TIME 1
| #define CXX "g++"
| #define CXX_VERSION "4.8.5"
| #define CXX_OPTIFLAGS "-g -O2 -pipe"
| #define CXX_SHAREDLIBFLAGS "-shared"
| #define TOP_BUILDDIR "/scratch2/CODES/xoopic"
| #define TOP_SRCDIR "/scratch2/CODES/xoopic"
| #define STDC_HEADERS 1
| #define HAVE_SYS_TYPES_H 1
| #define HAVE_SYS_STAT_H 1
| #define HAVE_STDLIB_H 1
| #define HAVE_STRING_H 1
| #define HAVE_MEMORY_H 1
| #define HAVE_STRINGS_H 1
| #define HAVE_INTTYPES_H 1
| #define HAVE_STDINT_H 1
| #define HAVE_UNISTD_H 1
| /* end confdefs.h.  */
| #include <$CPPFLAGS>
configure:8039: result: no
configure:8039: checking for $CPPFLAGS
configure:8039: result: no
configure:8039: checking conftest.$ac_ext usability
configure:8039: g++ -c -Wall -Wno-unused  -g -O2 -pipe -g -O2 -pipe    conftest.cpp >&5
conftest.cpp:62:28: fatal error: conftest.$ac_ext: No such file or directory
 #include <conftest.$ac_ext>
                            ^
compilation terminated.
configure:8039: $? = 1
configure: failed program was:
| /* confdefs.h */
| #define PACKAGE_NAME "xg/xgmain.cpp"
| #define PACKAGE_TARNAME "xg-xgmain-cpp"
| #define PACKAGE_VERSION "2.70"
| #define PACKAGE_STRING "xg/xgmain.cpp 2.70"
| #define PACKAGE_BUGREPORT ""
| #define PACKAGE_URL ""
| #define PACKAGE "xg-xgmain-cpp"
| #define VERSION "2.70"
| #define HOSTTYPE "x86_64-unknown-linux-gnu"
| #define TIME_WITH_SYS_TIME 1
| #define CXX "g++"
| #define CXX_VERSION "4.8.5"
| #define CXX_OPTIFLAGS "-g -O2 -pipe"
| #define CXX_SHAREDLIBFLAGS "-shared"
| #define TOP_BUILDDIR "/scratch2/CODES/xoopic"
| #define TOP_SRCDIR "/scratch2/CODES/xoopic"
| #define STDC_HEADERS 1
| #define HAVE_SYS_TYPES_H 1
| #define HAVE_SYS_STAT_H 1
| #define HAVE_STDLIB_H 1
| #define HAVE_STRING_H 1
| #define HAVE_MEMORY_H 1
| #define HAVE_STRINGS_H 1
| #define HAVE_INTTYPES_H 1
| #define HAVE_STDINT_H 1
| #define HAVE_UNISTD_H 1
| /* end confdefs.h.  */
| #include <stdio.h>
| #ifdef HAVE_SYS_TYPES_H
| # include <sys/types.h>
| #endif
| #ifdef HAVE_SYS_STAT_H
| # include <sys/stat.h>
| #endif
| #ifdef STDC_HEADERS
| # include <stdlib.h>
| # include <stddef.h>
| #else
| # ifdef HAVE_STDLIB_H
| #  include <stdlib.h>
| # endif
| #endif
| #ifdef HAVE_STRING_H
| # if !defined STDC_HEADERS && defined HAVE_MEMORY_H
| #  include <memory.h>
| # endif
| # include <string.h>
| #endif
| #ifdef HAVE_STRINGS_H
| # include <strings.h>
| #endif
| #ifdef HAVE_INTTYPES_H
| # include <inttypes.h>
| #endif
| #ifdef HAVE_STDINT_H
| # include <stdint.h>
| #endif
| #ifdef HAVE_UNISTD_H
| # include <unistd.h>
| #endif
| #include <conftest.$ac_ext>
configure:8039: result: no
configure:8039: checking conftest.$ac_ext presence
configure:8039: g++ -E  conftest.cpp
conftest.cpp:29:28: fatal error: conftest.$ac_ext: No such file or directory
 #include <conftest.$ac_ext>
                            ^
compilation terminated.
configure:8039: $? = 1
configure: failed program was:
| /* confdefs.h */
| #define PACKAGE_NAME "xg/xgmain.cpp"
| #define PACKAGE_TARNAME "xg-xgmain-cpp"
| #define PACKAGE_VERSION "2.70"
| #define PACKAGE_STRING "xg/xgmain.cpp 2.70"
| #define PACKAGE_BUGREPORT ""
| #define PACKAGE_URL ""
| #define PACKAGE "xg-xgmain-cpp"
| #define VERSION "2.70"
| #define HOSTTYPE "x86_64-unknown-linux-gnu"
| #define TIME_WITH_SYS_TIME 1
| #define CXX "g++"
| #define CXX_VERSION "4.8.5"
| #define CXX_OPTIFLAGS "-g -O2 -pipe"
| #define CXX_SHAREDLIBFLAGS "-shared"
| #define TOP_BUILDDIR "/scratch2/CODES/xoopic"
| #define TOP_SRCDIR "/scratch2/CODES/xoopic"
| #define STDC_HEADERS 1
| #define HAVE_SYS_TYPES_H 1
| #define HAVE_SYS_STAT_H 1
| #define HAVE_STDLIB_H 1
| #define HAVE_STRING_H 1
| #define HAVE_MEMORY_H 1
| #define HAVE_STRINGS_H 1
| #define HAVE_INTTYPES_H 1
| #define HAVE_STDINT_H 1
| #define HAVE_UNISTD_H 1
| /* end confdefs.h.  */
| #include <conftest.$ac_ext>
configure:8039: result: no
configure:8039: checking for conftest.$ac_ext
configure:8039: result: no
configure:8039: checking >&5 usability
configure:8039: g++ -c -Wall -Wno-unused  -g -O2 -pipe -g -O2 -pipe    conftest.cpp >&5
conftest.cpp:62:12: warning: extra tokens at end of #include directive [enabled by default]
 #include <>&5>
            ^
conftest.cpp:62:10: error: empty filename in #include
 #include <>&5>
          ^
configure:8039: $? = 1
configure: failed program was:
| /* confdefs.h */
| #define PACKAGE_NAME "xg/xgmain.cpp"
| #define PACKAGE_TARNAME "xg-xgmain-cpp"
| #define PACKAGE_VERSION "2.70"
| #define PACKAGE_STRING "xg/xgmain.cpp 2.70"
| #define PACKAGE_BUGREPORT ""
| #define PACKAGE_URL ""
| #define PACKAGE "xg-xgmain-cpp"
| #define VERSION "2.70"
| #define HOSTTYPE "x86_64-unknown-linux-gnu"
| #define TIME_WITH_SYS_TIME 1
| #define CXX "g++"
| #define CXX_VERSION "4.8.5"
| #define CXX_OPTIFLAGS "-g -O2 -pipe"
| #define CXX_SHAREDLIBFLAGS "-shared"
| #define TOP_BUILDDIR "/scratch2/CODES/xoopic"
| #define TOP_SRCDIR "/scratch2/CODES/xoopic"
| #define STDC_HEADERS 1
| #define HAVE_SYS_TYPES_H 1
| #define HAVE_SYS_STAT_H 1
| #define HAVE_STDLIB_H 1
| #define HAVE_STRING_H 1
| #define HAVE_MEMORY_H 1
| #define HAVE_STRINGS_H 1
| #define HAVE_INTTYPES_H 1
| #define HAVE_STDINT_H 1
| #define HAVE_UNISTD_H 1
| /* end confdefs.h.  */
| #include <stdio.h>
| #ifdef HAVE_SYS_TYPES_H
| # include <sys/types.h>
| #endif
| #ifdef HAVE_SYS_STAT_H
| # include <sys/stat.h>
| #endif
| #ifdef STDC_HEADERS
| # include <stdlib.h>
| # include <stddef.h>
| #else
| # ifdef HAVE_STDLIB_H
| #  include <stdlib.h>
| # endif
| #endif
| #ifdef HAVE_STRING_H
| # if !defined STDC_HEADERS && defined HAVE_MEMORY_H
| #  include <memory.h>
| # endif
| # include <string.h>
| #endif
| #ifdef HAVE_STRINGS_H
| # include <strings.h>
| #endif
| #ifdef HAVE_INTTYPES_H
| # include <inttypes.h>
| #endif
| #ifdef HAVE_STDINT_H
| # include <stdint.h>
| #endif
| #ifdef HAVE_UNISTD_H
| # include <unistd.h>
| #endif
| #include <>&5>
configure:8039: result: no
configure:8039: checking >&5 presence
configure:8039: g++ -E  conftest.cpp
conftest.cpp:29:12: warning: extra tokens at end of #include directive [enabled by default]
 #include <>&5>
            ^
conftest.cpp:29:10: error: empty filename in #include
 #include <>&5>
          ^
configure:8039: $? = 1
configure: failed program was:
| /* confdefs.h */
| #define PACKAGE_NAME "xg/xgmain.cpp"
| #define PACKAGE_TARNAME "xg-xgmain-cpp"
| #define PACKAGE_VERSION "2.70"
| #define PACKAGE_STRING "xg/xgmain.cpp 2.70"
| #define PACKAGE_BUGREPORT ""
| #define PACKAGE_URL ""
| #define PACKAGE "xg-xgmain-cpp"
| #define VERSION "2.70"
| #define HOSTTYPE "x86_64-unknown-linux-gnu"
| #define TIME_WITH_SYS_TIME 1
| #define CXX "g++"
| #define CXX_VERSION "4.8.5"
| #define CXX_OPTIFLAGS "-g -O2 -pipe"
| #define CXX_SHAREDLIBFLAGS "-shared"
| #define TOP_BUILDDIR "/scratch2/CODES/xoopic"
| #define TOP_SRCDIR "/scratch2/CODES/xoopic"
| #define STDC_HEADERS 1
| #define HAVE_SYS_TYPES_H 1
| #define HAVE_SYS_STAT_H 1
| #define HAVE_STDLIB_H 1
| #define HAVE_STRING_H 1
| #define HAVE_MEMORY_H 1
| #define HAVE_STRINGS_H 1
| #define HAVE_INTTYPES_H 1
| #define HAVE_STDINT_H 1
| #define HAVE_UNISTD_H 1
| /* end confdefs.h.  */
| #include <>&5>
configure:8039: result: no
configure:8039: checking for >&5
configure:8039: result: no
configure:8057: checking for size_t
configure:8057: gcc -c -Wall -Wno-unused -Wno-uninitialized  -O2 -g -pipe -O2 -g -pipe   conftest.c >&5
configure:8057: $? = 0
configure:8057: gcc -c -Wall -Wno-unused -Wno-uninitialized  -O2 -g -pipe -O2 -g -pipe   conftest.c >&5
conftest.c: In function 'main':
conftest.c:65:21: error: expected expression before ')' token
 if (sizeof ((size_t)))
                     ^
configure:8057: $? = 1
configure: failed program was:
| /* confdefs.h */
| #define PACKAGE_NAME "xg/xgmain.cpp"
| #define PACKAGE_TARNAME "xg-xgmain-cpp"
| #define PACKAGE_VERSION "2.70"
| #define PACKAGE_STRING "xg/xgmain.cpp 2.70"
| #define PACKAGE_BUGREPORT ""
| #define PACKAGE_URL ""
| #define PACKAGE "xg-xgmain-cpp"
| #define VERSION "2.70"
| #define HOSTTYPE "x86_64-unknown-linux-gnu"
| #define TIME_WITH_SYS_TIME 1
| #define CXX "g++"
| #define CXX_VERSION "4.8.5"
| #define CXX_OPTIFLAGS "-g -O2 -pipe"
| #define CXX_SHAREDLIBFLAGS "-shared"
| #define TOP_BUILDDIR "/scratch2/CODES/xoopic"
| #define TOP_SRCDIR "/scratch2/CODES/xoopic"
| #define STDC_HEADERS 1
| #define HAVE_SYS_TYPES_H 1
| #define HAVE_SYS_STAT_H 1
| #define HAVE_STDLIB_H 1
| #define HAVE_STRING_H 1
| #define HAVE_MEMORY_H 1
| #define HAVE_STRINGS_H 1
| #define HAVE_INTTYPES_H 1
| #define HAVE_STDINT_H 1
| #define HAVE_UNISTD_H 1
| /* end confdefs.h.  */
| #include <stdio.h>
| #ifdef HAVE_SYS_TYPES_H
| # include <sys/types.h>
| #endif
| #ifdef HAVE_SYS_STAT_H
| # include <sys/stat.h>
| #endif
| #ifdef STDC_HEADERS
| # include <stdlib.h>
| # include <stddef.h>
| #else
| # ifdef HAVE_STDLIB_H
| #  include <stdlib.h>
| # endif
| #endif
| #ifdef HAVE_STRING_H
| # if !defined STDC_HEADERS && defined HAVE_MEMORY_H
| #  include <memory.h>
| # endif
| # include <string.h>
| #endif
| #ifdef HAVE_STRINGS_H
| # include <strings.h>
| #endif
| #ifdef HAVE_INTTYPES_H
| # include <inttypes.h>
| #endif
| #ifdef HAVE_STDINT_H
| # include <stdint.h>
| #endif
| #ifdef HAVE_UNISTD_H
| # include <unistd.h>
| #endif
| int
| main ()
| {
| if (sizeof ((size_t)))
| 	    return 0;
|   ;
|   return 0;
| }
configure:8057: result: yes
configure:8068: checking whether struct tm is in sys/time.h or time.h
configure:8088: gcc -c -Wall -Wno-unused -Wno-uninitialized  -O2 -g -pipe -O2 -g -pipe   conftest.c >&5
configure:8088: $? = 0
configure:8095: result: time.h
configure:8114: checking whether c++ compiler supports exception handling
configure:8135: g++ -c -Wall -Wno-unused  -g -O2 -pipe -g -O2 -pipe    conftest.cpp >&5
configure:8138: $? = 0
configure:8156: result: yes
configure:8166: checking whether c++ compiler supports typename
configure:8188: g++ -c -Wall -Wno-unused  -g -O2 -pipe -g -O2 -pipe    conftest.cpp >&5
configure:8191: $? = 0
configure:8209: result: yes
configure:8219: checking whether c++ compiler can explicitly instantiate templates
configure:8239: g++ -c -Wall -Wno-unused  -g -O2 -pipe -g -O2 -pipe    conftest.cpp >&5
configure:8242: $? = 0
configure:8260: result: yes
configure:8270: checking whether c++ compiler supports RTTI
configure:8292: g++ -c -Wall -Wno-unused  -g -O2 -pipe -g -O2 -pipe    conftest.cpp >&5
configure:8295: $? = 0
configure:8313: result: yes
configure:8324: checking whether c++ compiler supports namespaces
configure:8344: g++ -c -Wall -Wno-unused  -g -O2 -pipe -g -O2 -pipe    conftest.cpp >&5
configure:8347: $? = 0
configure:8365: result: yes
configure:8378: checking whether c++ compiler has complex in the namespace std
configure:8399: g++ -c -Wall -Wno-unused  -g -O2 -pipe -g -O2 -pipe    conftest.cpp >&5
configure:8402: $? = 0
configure:8420: result: yes
configure:8434: checking whether c++ compiler has streams in the namespace std
configure:8457: g++ -c -Wall -Wno-unused  -g -O2 -pipe -g -O2 -pipe    conftest.cpp >&5
configure:8460: $? = 0
configure:8486: result: yes
configure:8500: checking whether c++ compiler can overload const type conversions
configure:8524: g++ -c -Wall -Wno-unused  -g -O2 -pipe -g -O2 -pipe    conftest.cpp >&5
configure:8527: $? = 0
configure:8551: g++ -c -Wall -Wno-unused  -g -O2 -pipe -g -O2 -pipe    conftest.cpp >&5
configure:8554: $? = 0
configure:8573: result: yes
configure:8584: checking whether c++ compiler knows mutable
configure:8604: g++ -c -Wall -Wno-unused  -g -O2 -pipe -g -O2 -pipe    conftest.cpp >&5
configure:8607: $? = 0
configure:8625: result: yes
configure:8636: checking whether template friends need brackets
configure:8658: g++ -c -Wall -Wno-unused  -g -O2 -pipe -g -O2 -pipe    conftest.cpp >&5
configure:8661: $? = 0
configure:8679: result: yes
configure:8690: checking whether nontype template operators are allowed
configure:8714: g++ -c -Wall -Wno-unused  -g -O2 -pipe -g -O2 -pipe    conftest.cpp >&5
configure:8703:23: error: declaration of 'operator<<' as non-function
 #line 8700 "configure"
                       ^
configure:8703:23: error: expected ';' at end of member declaration
configure:8703:26: error: expected unqualified-id before '<' token
 #line 8700 "configure"
                          ^
configure:8717: $? = 1
configure:8735: result: no
configure:8746: checking whether static variables can be declared generally
configure:8825: g++ -o conftest -Wall -Wno-unused  -g -O2 -pipe -g -O2 -pipe      conftest.cpp  >&5
configure:8825: $? = 0
configure:8839: result: yes
configure:9457: checking whether make sets $(MAKE)
configure:9479: result: yes
configure:9489: checking whether ln -s works
configure:9493: result: yes
configure:9543: checking for ranlib
configure:9559: found /usr/bin/ranlib
configure:9570: result: ranlib
configure:9594: checking what the library suffix is
configure:9600: result: .a
configure:9604: checking how to install libraries
configure:9616: result: with ${INSTALL} -m 644
configure:9740: checking for libXpm.a
configure:9774: result: no
configure:9740: checking for libXpm.so
configure:9774: result: no
configure:9786: WARNING: Please compile and install XPM or use --with-xpm=XPMDIR to use XPM
configure:9937: checking for SCALAR in /usr/local/xgrafix/include/xgscalar.h
configure:9942: result: #define SCALAR float
configure:10056: checking for tclsh
configure:10075: found /usr/bin/tclsh
configure:10087: result: /usr/bin/tclsh
configure:10157: checking for tkConfig.sh
configure:10178: result: /usr/lib64/tkConfig.sh
configure:10195: checking for libtcl8.5.a
configure:10229: result: no
configure:10243: checking for libtcl8.5.so
configure:10262: found /usr/lib64/libtcl8.5.so
configure:10274: result: /usr/lib64/libtcl8.5.so
configure:10297: checking for libtk8.5.a
configure:10331: result: no
configure:10345: checking for libtk8.5.so
configure:10364: found /usr/lib64/libtk8.5.so
configure:10376: result: /usr/lib64/libtk8.5.so
configure:10428: checking for up-to-date Tcl version in tcl.h
configure:10480: result: 8.5
configure:10496: checking for up-to-date Tk version in tk.h
configure:10514: result: 8.5
configure:10597: checking for fftw3.h
configure:10615: found /usr/include/fftw3.h
configure:10634: result: /usr/include/fftw3.h
configure:10679: checking for libfftw3.a
configure:10698: found /usr/lib64/libfftw3.a
configure:10717: result: /usr/lib64/libfftw3.a
configure:10775: checking for sfftw.h
configure:10793: found /usr/include/sfftw.h
configure:10805: result: /usr/include/sfftw.h
configure:10850: checking for libsfftw.a
configure:10868: found /usr/lib64/libsfftw.a
configure:10880: result: /usr/lib64/libsfftw.a
configure:11109: checking that generated files are newer than configure
configure:11115: result: done
configure:11150: creating ./config.status

## ---------------------- ##
## Running config.status. ##
## ---------------------- ##

This file was extended by xg/xgmain.cpp config.status 2.70, which was
generated by GNU Autoconf 2.69.  Invocation command line was

  CONFIG_FILES    = 
  CONFIG_HEADERS  = 
  CONFIG_LINKS    = 
  CONFIG_COMMANDS = 
  $ ./config.status 

on probe.uio.no

config.status:1002: creating Makefile
config.status:1002: creating otools/Makefile
config.status:1002: creating advisor/Makefile
config.status:1002: creating physics/Makefile
config.status:1002: creating xg/Makefile
config.status:1002: creating config/Makefile
config.status:1002: creating ./config.h
config.status:1183: ./config.h is unchanged
config.status:1231: executing depfiles commands

## ---------------- ##
## Cache variables. ##
## ---------------- ##

ac_cv_build=x86_64-unknown-linux-gnu
ac_cv_c_compiler_gnu=yes
ac_cv_const_type_conversion_overload=yes
ac_cv_cxx_compiler_gnu=yes
ac_cv_disable_fftw=no
ac_cv_env_CCC_set=
ac_cv_env_CCC_value=
ac_cv_env_CC_set=
ac_cv_env_CC_value=
ac_cv_env_CFLAGS_set=
ac_cv_env_CFLAGS_value=
ac_cv_env_CPPFLAGS_set=
ac_cv_env_CPPFLAGS_value=
ac_cv_env_CPP_set=
ac_cv_env_CPP_value=
ac_cv_env_CXXCPP_set=
ac_cv_env_CXXCPP_value=
ac_cv_env_CXXFLAGS_set=
ac_cv_env_CXXFLAGS_value=
ac_cv_env_CXX_set=
ac_cv_env_CXX_value=
ac_cv_env_LDFLAGS_set=
ac_cv_env_LDFLAGS_value=
ac_cv_env_LIBS_set=
ac_cv_env_LIBS_value=
ac_cv_env_build_alias_set=
ac_cv_env_build_alias_value=
ac_cv_env_host_alias_set=
ac_cv_env_host_alias_value=
ac_cv_env_target_alias_set=
ac_cv_env_target_alias_value=
ac_cv_exception_handling=yes
ac_cv_explicit_templates=yes
ac_cv_generally_declared_statics=yes
ac_cv_have_dfftw=yes
ac_cv_have_hdf5=no
ac_cv_have_sfftw=yes
ac_cv_header_X=no
ac_cv_header__CPPFLAGS=no
ac_cv_header__CXX=no
ac_cv_header__CXXFLAGS=no
ac_cv_header___5=no
ac_cv_header__c=no
ac_cv_header_conftest__ac_ext=no
ac_cv_header_inttypes_h=yes
ac_cv_header_memory_h=yes
ac_cv_header_stdc=yes
ac_cv_header_stdint_h=yes
ac_cv_header_stdlib_h=yes
ac_cv_header_string_h=yes
ac_cv_header_strings_h=yes
ac_cv_header_sys_stat_h=yes
ac_cv_header_sys_types_h=yes
ac_cv_header_time=yes
ac_cv_header_unistd_h=yes
ac_cv_host=x86_64-unknown-linux-gnu
ac_cv_mutable=yes
ac_cv_namespaces=yes
ac_cv_nontype_template_operators=no
ac_cv_objext=o
ac_cv_path_ABSCC=/usr/bin/gcc
ac_cv_path_ABSCXX=/usr/bin/g++
ac_cv_path_DFFTW_H=/usr/include/fftw3.h
ac_cv_path_EGREP='/usr/bin/grep -E'
ac_cv_path_GREP=/usr/bin/grep
ac_cv_path_LIBDFFTW_A=/usr/lib64/libfftw3.a
ac_cv_path_LIBSFFTW_A=/usr/lib64/libsfftw.a
ac_cv_path_SFFTW_H=/usr/include/sfftw.h
ac_cv_path_TCL_LIBDIR_PATH=/usr/lib64/libtcl8.5.so
ac_cv_path_TK_LIBDIR_PATH=/usr/lib64/libtk8.5.so
ac_cv_path_install='/usr/bin/install -c'
ac_cv_path_mkdir=/usr/bin/mkdir
ac_cv_path_tclsh=/usr/bin/tclsh
ac_cv_prog_AWK=gawk
ac_cv_prog_CPP='gcc -E'
ac_cv_prog_CXXCPP='g++ -E'
ac_cv_prog_ac_ct_CC=gcc
ac_cv_prog_ac_ct_RANLIB=ranlib
ac_cv_prog_cc_c89=
ac_cv_prog_cc_g=yes
ac_cv_prog_cxx_g=yes
ac_cv_prog_make_make_set=yes
ac_cv_rtti=yes
ac_cv_search_strerror='none required'
ac_cv_std_complex=yes
ac_cv_std_streams=yes
ac_cv_struct_tm=time.h
ac_cv_template_friends_need_brackets=yes
ac_cv_type_size_t=yes
ac_cv_typename=yes
am_cv_CC_dependencies_compiler_type=gcc3
am_cv_CXX_dependencies_compiler_type=gcc3
am_cv_make_support_nested_variables=yes

## ----------------- ##
## Output variables. ##
## ----------------- ##

ABSCC='/usr/bin/gcc'
ABSCXX='/usr/bin/g++'
ABSMPICC=''
ABSMPICXX=''
ABSMPIF77=''
ABSMPIF90=''
ACLOCAL='aclocal-1.13'
AMDEPBACKSLASH='\'
AMDEP_FALSE='#'
AMDEP_TRUE=''
AMTAR='tar'
AM_BACKSLASH='\'
AM_DEFAULT_V='$(AM_DEFAULT_VERBOSITY)'
AM_DEFAULT_VERBOSITY='1'
AM_V='$(V)'
AR='ar cr'
ARFLAGS=' '
AR_FLAGS=' '
AUTOCONF='autoconf'
AUTOHEADER='autoheader'
AUTOMAKE='/scratch2/CODES/xoopic/config/automake.sh'
AWK='gawk'
CC='gcc'
CCDEPMODE='depmode=gcc3'
CFLAGS='-Wall -Wno-unused -Wno-uninitialized  -O2 -g -pipe -O2 -g -pipe  -DUSE_INTERP_RESULT'
CMODULELIBS=''
COMPDIR='gcc4'
CPP='gcc -E'
CPPFLAGS=''
CRAY_INSTANTIATE=''
CXX='g++'
CXXCOMP='g++'
CXXCPP='g++ -E'
CXXDEP='g++ -M >depend.u'
CXXDEPFLAGS='-M'
CXXDEPMODE='depmode=gcc3'
CXXFLAGS='-Wall -Wno-unused  -g -O2 -pipe -g -O2 -pipe  '
CXXMODULELIBS=''
CXX_FLAGS=''
CXX_LIBDIR='/scratch2/CODES/xoopic'
CXX_LIBFLAG='-Wl,-rpath,/scratch2/CODES/xoopic'
CXX_LTLIBFLAG='-rpath /scratch2/CODES/xoopic'
CXX_OPTIFLAGS='-g -O2 -pipe'
CXX_PIC_FLAG='-fPIC'
CXX_REPOSITORY=''
CYGPATH_W='echo'
C_FLAGS=''
C_OPTIFLAGS='-O2 -g -pipe'
C_PIC_FLAG='-fPIC'
DB_LIB='-ldb'
DEFINE_MPI=''
DEFINE_MPI_DEBUG=''
DEFINE_NOX=''
DEFINE_SCALAR=''
DEFS='-DHAVE_CONFIG_H'
DEPDIR='.deps'
DFFTW_H='/usr/include/fftw3.h'
DFFTW_INC='-I/usr/include'
DFFTW_INCDIR='/usr/include'
DFFTW_LIB='-L/usr/lib64 -lrfftw -lfftw -lm'
DFFTW_LIBDIR='/usr/lib64'
DYNLINK_LIB='-ldl'
ECHO_C=''
ECHO_N='-n'
ECHO_T=''
EGREP='/usr/bin/grep -E'
EXEEXT=''
FFTW_INC='-I/usr/include'
FFTW_INCDIR='/usr/include'
FFTW_LIB='-L/usr/lib64 -lsrfftw -lsfftw -lm'
GPFS_LIB=''
GREP='/usr/bin/grep'
H5DIFF=''
HAVE_BUNDLES='false'
HDF5_DIR=''
HDF5_H='/usr/include/hdf5.h'
HDF5_INC=''
HDF5_INCDIR='.'
HDF5_INCDIR_SERIAL='/usr/include'
HDF5_INCLUDES=''
HDF5_LIB=''
HDF5_LIBDIR='.'
HDF5_LIBDIR_SERIAL=''
HDF5_LIBS=''
HDF5_LIBS_SERIAL=''
INSTALL_DATA='${INSTALL} -m 644'
INSTALL_LIBRARY='${INSTALL} -m 644'
INSTALL_PROGRAM='${INSTALL}'
INSTALL_SCRIPT='${INSTALL}'
INSTALL_STRIP_PROGRAM='$(install_sh) -c -s'
LDFLAGS=' '
LDWITHMODULE='g++ -Wl,-export-dynamic'
LDWITHMODULE_FLAGS='-Wl,-export-dynamic'
LIBDFFTW_A='/usr/lib64/libfftw3.a'
LIBEXT='.a'
LIBHDF5=''
LIBOBJS=''
LIBS=''
LIBSFFTW_A='/usr/lib64/libsfftw.a'
LINKCMODULE='gcc -shared '
LINKCMODULE_FLAGS='-shared '
LINKCXXMODULE='g++ -shared '
LINKCXXMODULE_FLAGS='-shared '
LINK_DYNAMIC='-Wl,-Bdynamic'
LINK_STATIC='-Wl,-Bstatic'
LN_S='ln -s'
LTLIBOBJS=''
MAINT='#'
MAINTAINER_MODE_FALSE=''
MAINTAINER_MODE_TRUE='#'
MAKEINFO='makeinfo'
MKDIR_P='/usr/bin/mkdir -p'
MPICC=''
MPICXX=''
MPIF77=''
MPIF90=''
MPI_INCDIR=''
MPI_LIBDIR=''
MPI_RUNLIBFLAG=''
NET_LIBS=''
OBJEXT='o'
OOPIC_TOP_SRCDIR='/scratch2/CODES/xoopic'
PACKAGE='xg-xgmain-cpp'
PACKAGE_BUGREPORT=''
PACKAGE_NAME='xg/xgmain.cpp'
PACKAGE_STRING='xg/xgmain.cpp 2.70'
PACKAGE_TARNAME='xg-xgmain-cpp'
PACKAGE_URL=''
PACKAGE_VERSION='2.70'
PATH_SEPARATOR=':'
PIC_FLAG='-fpic'
PURIFY_DEFINE=''
PURIFY_PATH=''
RANLIB='ranlib'
RPATH_FLAG='-Wl,-rpath,'
SERIALCC='gcc'
SERIALCXX='g++'
SET_MAKE=''
SFFTW_H='/usr/include/sfftw.h'
SFFTW_INC='-I/usr/include'
SFFTW_INCDIR='/usr/include'
SFFTW_LIB='-L/usr/lib64 -lsrfftw -lsfftw -lm'
SFFTW_LIBDIR='/usr/lib64'
SHELL='/bin/sh'
SO='.so'
STRIP=''
TCL_INCDIR='/usr/include'
TCL_LIB='-L/usr/lib64 -ltk8.5 -L/usr/lib64 -ltcl8.5'
TCL_LIBDIR_PATH='/usr/lib64/libtcl8.5.so'
THREAD_LIB='-lpthread'
TK_INCDIR='/usr/include'
TK_LIBDIR_PATH='/usr/lib64/libtk8.5.so'
VERSION='2.70'
X11_INCDIR='/usr/include'
X11_LIB='-lX11'
X11_LIBDIR='/usr/lib64'
X11_LIBS=''
XGRAFIX_INCLUDE='-I/usr/local/xgrafix/include'
XGRAFIX_LIB='-lXGC250'
XGRAFIX_LIBDIR='/usr/local/xgrafix/lib'
XPM_LIB=''
XPM_LIBDIR=''
XPM_LIBDIR_PATH=''
XT_LIB='-lXt'
ZLIB_DIR=''
Z_LIBDIR=''
abs_top_builddir='/scratch2/CODES/xoopic'
ac_ct_CC='gcc'
ac_ct_CXX=''
am__EXEEXT_FALSE=''
am__EXEEXT_TRUE='#'
am__fastdepCC_FALSE='#'
am__fastdepCC_TRUE=''
am__fastdepCXX_FALSE='#'
am__fastdepCXX_TRUE=''
am__include='include'
am__isrc=''
am__leading_dot='.'
am__nodep='_no'
am__quote=''
am__tar='$${TAR-tar} chof - "$$tardir"'
am__untar='$${TAR-tar} xf -'
bindir='${exec_prefix}/bin'
build='x86_64-unknown-linux-gnu'
build_alias=''
build_cpu='x86_64'
build_os='linux-gnu'
build_vendor='unknown'
datadir='${datarootdir}'
datarootdir='${prefix}/share'
docdir='${datarootdir}/doc/${PACKAGE_TARNAME}'
dvidir='${docdir}'
exec_prefix='${prefix}'
host='x86_64-unknown-linux-gnu'
host_alias=''
host_cpu='x86_64'
host_os='linux-gnu'
host_vendor='unknown'
htmldir='${docdir}'
includedir='${prefix}/include'
infodir='${datarootdir}/info'
install_sh='${SHELL} /scratch2/CODES/xoopic/config/install-sh'
libdir='${exec_prefix}/lib'
libexecdir='${exec_prefix}/libexec'
localedir='${datarootdir}/locale'
localstatedir='${prefix}/var'
mandir='${datarootdir}/man'
mkdir_p='$(MKDIR_P)'
oldincludedir='/usr/include'
pdfdir='${docdir}'
prefix='/usr/local/xoopic'
program_transform_name='s,x,x,'
psdir='${docdir}'
sbindir='${exec_prefix}/sbin'
sharedstatedir='${prefix}/com'
sysconfdir='${prefix}/etc'
target_alias=''
tclsh='/usr/bin/tclsh'

## ----------- ##
## confdefs.h. ##
## ----------- ##

/* confdefs.h */
#define PACKAGE_NAME "xg/xgmain.cpp"
#define PACKAGE_TARNAME "xg-xgmain-cpp"
#define PACKAGE_VERSION "2.70"
#define PACKAGE_STRING "xg/xgmain.cpp 2.70"
#define PACKAGE_BUGREPORT ""
#define PACKAGE_URL ""
#define PACKAGE "xg-xgmain-cpp"
#define VERSION "2.70"
#define HOSTTYPE "x86_64-unknown-linux-gnu"
#define TIME_WITH_SYS_TIME 1
#define CXX "g++"
#define CXX_VERSION "4.8.5"
#define CXX_OPTIFLAGS "-g -O2 -pipe"
#define CXX_SHAREDLIBFLAGS "-shared"
#define TOP_BUILDDIR "/scratch2/CODES/xoopic"
#define TOP_SRCDIR "/scratch2/CODES/xoopic"
#define STDC_HEADERS 1
#define HAVE_SYS_TYPES_H 1
#define HAVE_SYS_STAT_H 1
#define HAVE_STDLIB_H 1
#define HAVE_STRING_H 1
#define HAVE_MEMORY_H 1
#define HAVE_STRINGS_H 1
#define HAVE_INTTYPES_H 1
#define HAVE_STDINT_H 1
#define HAVE_UNISTD_H 1
#define HAVE_NAMESPACES /**/
#define HAVE_STD_COMPLEX 1
#define HAVE_STD_STREAMS 1
#define TEMPLATE_FRIENDS_NEED_BRACKETS 1
#define HAVE_GENERALLY_DECLARED_STATICS 1
#define HAVE_DFFTW /**/
#define HAVE_SFFTW Define if have the single-precision FFTW libraries
#define HAVE_FFT 1

configure: exit 0
